2019-10-14 11:55:33.733  INFO 35171 --- [restartedMain] c.pigman.community.CommunityApplication  : Starting CommunityApplication on pigman2deMBP.lan with PID 35171 (/Users/pigman2/Desktop/pigman_community2/pigman_community-770567858ac9f9b9cb370ade9ebb3b819d3088f6/target/classes started by pigman2 in /Users/pigman2/Desktop/pigman_community2/pigman_community-770567858ac9f9b9cb370ade9ebb3b819d3088f6)
2019-10-14 11:55:33.738  INFO 35171 --- [restartedMain] c.pigman.community.CommunityApplication  : No active profile set, falling back to default profiles: default
2019-10-14 11:55:33.794  INFO 35171 --- [restartedMain] .e.DevToolsPropertyDefaultsPostProcessor : Devtools property defaults active! Set 'spring.devtools.add-properties' to 'false' to disable
2019-10-14 11:55:33.794  INFO 35171 --- [restartedMain] .e.DevToolsPropertyDefaultsPostProcessor : For additional web related logging consider setting the 'logging.level.web' property to 'DEBUG'
2019-10-14 11:55:35.203  INFO 35171 --- [restartedMain] o.s.b.w.embedded.tomcat.TomcatWebServer  : Tomcat initialized with port(s): 8080 (http)
2019-10-14 11:55:35.229  INFO 35171 --- [restartedMain] o.apache.catalina.core.StandardService   : Starting service [Tomcat]
2019-10-14 11:55:35.230  INFO 35171 --- [restartedMain] org.apache.catalina.core.StandardEngine  : Starting Servlet engine: [Apache Tomcat/9.0.21]
2019-10-14 11:55:35.327  INFO 35171 --- [restartedMain] o.a.c.c.C.[Tomcat].[localhost].[/]       : Initializing Spring embedded WebApplicationContext
2019-10-14 11:55:35.327  INFO 35171 --- [restartedMain] o.s.web.context.ContextLoader            : Root WebApplicationContext: initialization completed in 1533 ms
2019-10-14 11:55:35.921  INFO 35171 --- [restartedMain] o.s.s.concurrent.ThreadPoolTaskExecutor  : Initializing ExecutorService 'applicationTaskExecutor'
2019-10-14 11:55:36.070  INFO 35171 --- [restartedMain] o.s.b.a.w.s.WelcomePageHandlerMapping    : Adding welcome page template: index
2019-10-14 11:55:36.163  INFO 35171 --- [restartedMain] o.s.s.c.ThreadPoolTaskScheduler          : Initializing ExecutorService 'taskScheduler'
2019-10-14 11:55:36.219  INFO 35171 --- [restartedMain] o.s.b.d.a.OptionalLiveReloadServer       : LiveReload server is running on port 35729
2019-10-14 11:55:36.244  INFO 35171 --- [scheduling-1] c.pigman.community.Schedule.HotTagTasks  : HotTagTasks startMon Oct 14 11:55:36 CST 2019 
2019-10-14 11:55:36.267  INFO 35171 --- [scheduling-1] com.zaxxer.hikari.HikariDataSource       : HikariPool-1 - Starting...
2019-10-14 11:55:36.282  INFO 35171 --- [restartedMain] o.s.b.w.embedded.tomcat.TomcatWebServer  : Tomcat started on port(s): 8080 (http) with context path ''
2019-10-14 11:55:36.285  INFO 35171 --- [restartedMain] c.pigman.community.CommunityApplication  : Started CommunityApplication in 3.045 seconds (JVM running for 3.823)
2019-10-14 11:55:36.426  INFO 35171 --- [scheduling-1] com.zaxxer.hikari.HikariDataSource       : HikariPool-1 - Start completed.
2019-10-14 11:55:36.501  INFO 35171 --- [scheduling-1] c.pigman.community.Schedule.HotTagTasks  : list question id is 45
2019-10-14 11:55:36.503  INFO 35171 --- [scheduling-1] c.pigman.community.Schedule.HotTagTasks  : list question id is 46
2019-10-14 11:55:36.503  INFO 35171 --- [scheduling-1] c.pigman.community.Schedule.HotTagTasks  : list question id is 47
2019-10-14 11:55:36.503  INFO 35171 --- [scheduling-1] c.pigman.community.Schedule.HotTagTasks  : list question id is 49
2019-10-14 11:55:36.503  INFO 35171 --- [scheduling-1] c.pigman.community.Schedule.HotTagTasks  : list question id is 50
2019-10-14 11:55:36.506  INFO 35171 --- [scheduling-1] c.pigman.community.Schedule.HotTagTasks  : list question id is 51
2019-10-14 11:55:36.506  INFO 35171 --- [scheduling-1] c.pigman.community.Schedule.HotTagTasks  : list question id is 52
2019-10-14 11:55:36.506  INFO 35171 --- [scheduling-1] c.pigman.community.Schedule.HotTagTasks  : list question id is 53
2019-10-14 11:55:36.506  INFO 35171 --- [scheduling-1] c.pigman.community.Schedule.HotTagTasks  : list question id is 54
2019-10-14 11:55:36.506  INFO 35171 --- [scheduling-1] c.pigman.community.Schedule.HotTagTasks  : list question id is 55
2019-10-14 11:55:36.512  INFO 35171 --- [scheduling-1] c.pigman.community.Schedule.HotTagTasks  : list question id is 56
2019-10-14 11:55:36.513  INFO 35171 --- [scheduling-1] c.pigman.community.Schedule.HotTagTasks  : list question id is 57
2019-10-14 11:55:36.513  INFO 35171 --- [scheduling-1] c.pigman.community.Schedule.HotTagTasks  : list question id is 58
2019-10-14 11:55:36.514  INFO 35171 --- [scheduling-1] c.pigman.community.Schedule.HotTagTasks  : list question id is 59
2019-10-14 11:55:36.514  INFO 35171 --- [scheduling-1] c.pigman.community.Schedule.HotTagTasks  : list question id is 60
2019-10-14 11:55:36.518  INFO 35171 --- [scheduling-1] c.pigman.community.Schedule.HotTagTasks  : list question id is 61
2019-10-14 11:55:36.518  INFO 35171 --- [scheduling-1] c.pigman.community.Schedule.HotTagTasks  : list question id is 62
2019-10-14 11:55:36.518  INFO 35171 --- [scheduling-1] c.pigman.community.Schedule.HotTagTasks  : list question id is 63
2019-10-14 11:55:36.518  INFO 35171 --- [scheduling-1] c.pigman.community.Schedule.HotTagTasks  : list question id is 64
2019-10-14 11:55:36.519  INFO 35171 --- [scheduling-1] c.pigman.community.Schedule.HotTagTasks  : list question id is 65
2019-10-14 11:55:36.521  INFO 35171 --- [scheduling-1] c.pigman.community.Schedule.HotTagTasks  : list question id is 66
2019-10-14 11:55:36.521  INFO 35171 --- [scheduling-1] c.pigman.community.Schedule.HotTagTasks  : list question id is 67
2019-10-14 11:55:36.521  INFO 35171 --- [scheduling-1] c.pigman.community.Schedule.HotTagTasks  : list question id is 69
2019-10-14 11:55:36.522  INFO 35171 --- [scheduling-1] c.pigman.community.Schedule.HotTagTasks  : list question id is 71
2019-10-14 11:55:36.522  INFO 35171 --- [scheduling-1] c.pigman.community.Schedule.HotTagTasks  : list question id is 72
2019-10-14 11:55:36.524  INFO 35171 --- [scheduling-1] c.pigman.community.Schedule.HotTagTasks  : list question id is 73
2019-10-14 11:55:36.524  INFO 35171 --- [scheduling-1] c.pigman.community.Schedule.HotTagTasks  : list question id is 74
2019-10-14 11:55:36.524  INFO 35171 --- [scheduling-1] c.pigman.community.Schedule.HotTagTasks  : list question id is 75
2019-10-14 11:55:36.525  INFO 35171 --- [scheduling-1] c.pigman.community.Schedule.HotTagTasks  : list question id is 76
2019-10-14 11:55:36.525  INFO 35171 --- [scheduling-1] c.pigman.community.Schedule.HotTagTasks  : list question id is 77
2019-10-14 11:55:36.532  INFO 35171 --- [scheduling-1] c.pigman.community.Schedule.HotTagTasks  : list question id is 78
2019-10-14 11:55:36.533  INFO 35171 --- [scheduling-1] c.pigman.community.Schedule.HotTagTasks  : list question id is 79
2019-10-14 11:55:36.534  INFO 35171 --- [scheduling-1] c.pigman.community.Schedule.HotTagTasks  : list question id is 80
2019-10-14 11:55:36.535  INFO 35171 --- [scheduling-1] c.pigman.community.Schedule.HotTagTasks  : list question id is 81
2019-10-14 11:55:36.535  INFO 35171 --- [scheduling-1] c.pigman.community.Schedule.HotTagTasks  : list question id is 82
2019-10-14 11:55:36.552  INFO 35171 --- [scheduling-1] c.pigman.community.Schedule.HotTagTasks  : list question id is 83
2019-10-14 11:55:36.553  INFO 35171 --- [scheduling-1] c.pigman.community.Schedule.HotTagTasks  : list question id is 84
2019-10-14 11:55:36.554  INFO 35171 --- [scheduling-1] c.pigman.community.Schedule.HotTagTasks  : list question id is 85
2019-10-14 11:55:36.555  INFO 35171 --- [scheduling-1] c.pigman.community.Schedule.HotTagTasks  : list question id is 86
2019-10-14 11:55:36.556  INFO 35171 --- [scheduling-1] c.pigman.community.Schedule.HotTagTasks  : list question id is 87
2019-10-14 11:55:36.559  INFO 35171 --- [scheduling-1] c.pigman.community.Schedule.HotTagTasks  : list question id is 88
2019-10-14 11:55:36.560  INFO 35171 --- [scheduling-1] c.pigman.community.Schedule.HotTagTasks  : list question id is 89
2019-10-14 11:55:36.560  INFO 35171 --- [scheduling-1] c.pigman.community.Schedule.HotTagTasks  : list question id is 90
2019-10-14 11:55:36.560  INFO 35171 --- [scheduling-1] c.pigman.community.Schedule.HotTagTasks  : list question id is 91
2019-10-14 11:55:36.561  INFO 35171 --- [scheduling-1] c.pigman.community.Schedule.HotTagTasks  : HotTagTask stop Mon Oct 14 11:55:36 CST 2019
2019-10-14 11:55:46.962  INFO 35171 --- [http-nio-8080-exec-1] o.a.c.c.C.[Tomcat].[localhost].[/]       : Initializing Spring DispatcherServlet 'dispatcherServlet'
2019-10-14 11:55:46.963  INFO 35171 --- [http-nio-8080-exec-1] o.s.web.servlet.DispatcherServlet        : Initializing Servlet 'dispatcherServlet'
2019-10-14 11:55:46.973  INFO 35171 --- [http-nio-8080-exec-1] o.s.web.servlet.DispatcherServlet        : Completed initialization in 10 ms
2019-10-14 11:59:56.338  INFO 35171 --- [Thread-14] o.s.s.c.ThreadPoolTaskScheduler          : Shutting down ExecutorService 'taskScheduler'
2019-10-14 11:59:56.340  INFO 35171 --- [Thread-14] o.s.s.concurrent.ThreadPoolTaskExecutor  : Shutting down ExecutorService 'applicationTaskExecutor'
2019-10-14 11:59:56.341  INFO 35171 --- [Thread-14] com.zaxxer.hikari.HikariDataSource       : HikariPool-1 - Shutdown initiated...
2019-10-14 11:59:56.345  INFO 35171 --- [Thread-14] com.zaxxer.hikari.HikariDataSource       : HikariPool-1 - Shutdown completed.
2019-10-14 12:00:01.824  INFO 35260 --- [restartedMain] c.pigman.community.CommunityApplication  : Starting CommunityApplication on pigman2deMBP.lan with PID 35260 (/Users/pigman2/Desktop/pigman_community2/pigman_community-770567858ac9f9b9cb370ade9ebb3b819d3088f6/target/classes started by pigman2 in /Users/pigman2/Desktop/pigman_community2/pigman_community-770567858ac9f9b9cb370ade9ebb3b819d3088f6)
2019-10-14 12:00:01.827  INFO 35260 --- [restartedMain] c.pigman.community.CommunityApplication  : No active profile set, falling back to default profiles: default
2019-10-14 12:00:01.869  INFO 35260 --- [restartedMain] .e.DevToolsPropertyDefaultsPostProcessor : Devtools property defaults active! Set 'spring.devtools.add-properties' to 'false' to disable
2019-10-14 12:00:01.869  INFO 35260 --- [restartedMain] .e.DevToolsPropertyDefaultsPostProcessor : For additional web related logging consider setting the 'logging.level.web' property to 'DEBUG'
2019-10-14 12:00:03.212  INFO 35260 --- [restartedMain] o.s.b.w.embedded.tomcat.TomcatWebServer  : Tomcat initialized with port(s): 8080 (http)
2019-10-14 12:00:03.229  INFO 35260 --- [restartedMain] o.apache.catalina.core.StandardService   : Starting service [Tomcat]
2019-10-14 12:00:03.229  INFO 35260 --- [restartedMain] org.apache.catalina.core.StandardEngine  : Starting Servlet engine: [Apache Tomcat/9.0.21]
2019-10-14 12:00:03.303  INFO 35260 --- [restartedMain] o.a.c.c.C.[Tomcat].[localhost].[/]       : Initializing Spring embedded WebApplicationContext
2019-10-14 12:00:03.304  INFO 35260 --- [restartedMain] o.s.web.context.ContextLoader            : Root WebApplicationContext: initialization completed in 1434 ms
2019-10-14 12:00:03.735 ERROR 35260 --- [restartedMain] c.p.community.service.SensitiveService   : 读取敏感词文件失败null
2019-10-14 12:00:03.906  INFO 35260 --- [restartedMain] o.s.s.concurrent.ThreadPoolTaskExecutor  : Initializing ExecutorService 'applicationTaskExecutor'
2019-10-14 12:00:04.012  INFO 35260 --- [restartedMain] o.s.b.a.w.s.WelcomePageHandlerMapping    : Adding welcome page template: index
2019-10-14 12:00:04.085  INFO 35260 --- [restartedMain] o.s.s.c.ThreadPoolTaskScheduler          : Initializing ExecutorService 'taskScheduler'
2019-10-14 12:00:04.137  INFO 35260 --- [restartedMain] o.s.b.d.a.OptionalLiveReloadServer       : LiveReload server is running on port 35729
2019-10-14 12:00:04.160  INFO 35260 --- [scheduling-1] c.pigman.community.Schedule.HotTagTasks  : HotTagTasks startMon Oct 14 12:00:04 CST 2019 
2019-10-14 12:00:04.181  INFO 35260 --- [scheduling-1] com.zaxxer.hikari.HikariDataSource       : HikariPool-1 - Starting...
2019-10-14 12:00:04.193  INFO 35260 --- [restartedMain] o.s.b.w.embedded.tomcat.TomcatWebServer  : Tomcat started on port(s): 8080 (http) with context path ''
2019-10-14 12:00:04.196  INFO 35260 --- [restartedMain] c.pigman.community.CommunityApplication  : Started CommunityApplication in 2.641 seconds (JVM running for 3.209)
2019-10-14 12:00:04.283  INFO 35260 --- [scheduling-1] com.zaxxer.hikari.HikariDataSource       : HikariPool-1 - Start completed.
2019-10-14 12:00:04.316  INFO 35260 --- [scheduling-1] c.pigman.community.Schedule.HotTagTasks  : list question id is 45
2019-10-14 12:00:04.319  INFO 35260 --- [scheduling-1] c.pigman.community.Schedule.HotTagTasks  : list question id is 46
2019-10-14 12:00:04.319  INFO 35260 --- [scheduling-1] c.pigman.community.Schedule.HotTagTasks  : list question id is 47
2019-10-14 12:00:04.319  INFO 35260 --- [scheduling-1] c.pigman.community.Schedule.HotTagTasks  : list question id is 49
2019-10-14 12:00:04.319  INFO 35260 --- [scheduling-1] c.pigman.community.Schedule.HotTagTasks  : list question id is 50
2019-10-14 12:00:04.321  INFO 35260 --- [scheduling-1] c.pigman.community.Schedule.HotTagTasks  : list question id is 51
2019-10-14 12:00:04.322  INFO 35260 --- [scheduling-1] c.pigman.community.Schedule.HotTagTasks  : list question id is 52
2019-10-14 12:00:04.322  INFO 35260 --- [scheduling-1] c.pigman.community.Schedule.HotTagTasks  : list question id is 53
2019-10-14 12:00:04.322  INFO 35260 --- [scheduling-1] c.pigman.community.Schedule.HotTagTasks  : list question id is 54
2019-10-14 12:00:04.322  INFO 35260 --- [scheduling-1] c.pigman.community.Schedule.HotTagTasks  : list question id is 55
2019-10-14 12:00:04.325  INFO 35260 --- [scheduling-1] c.pigman.community.Schedule.HotTagTasks  : list question id is 56
2019-10-14 12:00:04.326  INFO 35260 --- [scheduling-1] c.pigman.community.Schedule.HotTagTasks  : list question id is 57
2019-10-14 12:00:04.326  INFO 35260 --- [scheduling-1] c.pigman.community.Schedule.HotTagTasks  : list question id is 58
2019-10-14 12:00:04.326  INFO 35260 --- [scheduling-1] c.pigman.community.Schedule.HotTagTasks  : list question id is 59
2019-10-14 12:00:04.326  INFO 35260 --- [scheduling-1] c.pigman.community.Schedule.HotTagTasks  : list question id is 60
2019-10-14 12:00:04.330  INFO 35260 --- [scheduling-1] c.pigman.community.Schedule.HotTagTasks  : list question id is 61
2019-10-14 12:00:04.330  INFO 35260 --- [scheduling-1] c.pigman.community.Schedule.HotTagTasks  : list question id is 62
2019-10-14 12:00:04.330  INFO 35260 --- [scheduling-1] c.pigman.community.Schedule.HotTagTasks  : list question id is 63
2019-10-14 12:00:04.330  INFO 35260 --- [scheduling-1] c.pigman.community.Schedule.HotTagTasks  : list question id is 64
2019-10-14 12:00:04.330  INFO 35260 --- [scheduling-1] c.pigman.community.Schedule.HotTagTasks  : list question id is 65
2019-10-14 12:00:04.332  INFO 35260 --- [scheduling-1] c.pigman.community.Schedule.HotTagTasks  : list question id is 66
2019-10-14 12:00:04.332  INFO 35260 --- [scheduling-1] c.pigman.community.Schedule.HotTagTasks  : list question id is 67
2019-10-14 12:00:04.332  INFO 35260 --- [scheduling-1] c.pigman.community.Schedule.HotTagTasks  : list question id is 69
2019-10-14 12:00:04.332  INFO 35260 --- [scheduling-1] c.pigman.community.Schedule.HotTagTasks  : list question id is 71
2019-10-14 12:00:04.332  INFO 35260 --- [scheduling-1] c.pigman.community.Schedule.HotTagTasks  : list question id is 72
2019-10-14 12:00:04.334  INFO 35260 --- [scheduling-1] c.pigman.community.Schedule.HotTagTasks  : list question id is 73
2019-10-14 12:00:04.334  INFO 35260 --- [scheduling-1] c.pigman.community.Schedule.HotTagTasks  : list question id is 74
2019-10-14 12:00:04.334  INFO 35260 --- [scheduling-1] c.pigman.community.Schedule.HotTagTasks  : list question id is 75
2019-10-14 12:00:04.334  INFO 35260 --- [scheduling-1] c.pigman.community.Schedule.HotTagTasks  : list question id is 76
2019-10-14 12:00:04.334  INFO 35260 --- [scheduling-1] c.pigman.community.Schedule.HotTagTasks  : list question id is 77
2019-10-14 12:00:04.336  INFO 35260 --- [scheduling-1] c.pigman.community.Schedule.HotTagTasks  : list question id is 78
2019-10-14 12:00:04.336  INFO 35260 --- [scheduling-1] c.pigman.community.Schedule.HotTagTasks  : list question id is 79
2019-10-14 12:00:04.336  INFO 35260 --- [scheduling-1] c.pigman.community.Schedule.HotTagTasks  : list question id is 80
2019-10-14 12:00:04.336  INFO 35260 --- [scheduling-1] c.pigman.community.Schedule.HotTagTasks  : list question id is 81
2019-10-14 12:00:04.336  INFO 35260 --- [scheduling-1] c.pigman.community.Schedule.HotTagTasks  : list question id is 82
2019-10-14 12:00:04.338  INFO 35260 --- [scheduling-1] c.pigman.community.Schedule.HotTagTasks  : list question id is 83
2019-10-14 12:00:04.338  INFO 35260 --- [scheduling-1] c.pigman.community.Schedule.HotTagTasks  : list question id is 84
2019-10-14 12:00:04.338  INFO 35260 --- [scheduling-1] c.pigman.community.Schedule.HotTagTasks  : list question id is 85
2019-10-14 12:00:04.338  INFO 35260 --- [scheduling-1] c.pigman.community.Schedule.HotTagTasks  : list question id is 86
2019-10-14 12:00:04.338  INFO 35260 --- [scheduling-1] c.pigman.community.Schedule.HotTagTasks  : list question id is 87
2019-10-14 12:00:04.340  INFO 35260 --- [scheduling-1] c.pigman.community.Schedule.HotTagTasks  : list question id is 88
2019-10-14 12:00:04.340  INFO 35260 --- [scheduling-1] c.pigman.community.Schedule.HotTagTasks  : list question id is 89
2019-10-14 12:00:04.340  INFO 35260 --- [scheduling-1] c.pigman.community.Schedule.HotTagTasks  : list question id is 90
2019-10-14 12:00:04.340  INFO 35260 --- [scheduling-1] c.pigman.community.Schedule.HotTagTasks  : list question id is 91
2019-10-14 12:00:04.341  INFO 35260 --- [scheduling-1] c.pigman.community.Schedule.HotTagTasks  : HotTagTask stop Mon Oct 14 12:00:04 CST 2019
2019-10-14 12:00:59.414  INFO 35260 --- [http-nio-8080-exec-1] o.a.c.c.C.[Tomcat].[localhost].[/]       : Initializing Spring DispatcherServlet 'dispatcherServlet'
2019-10-14 12:00:59.415  INFO 35260 --- [http-nio-8080-exec-1] o.s.web.servlet.DispatcherServlet        : Initializing Servlet 'dispatcherServlet'
2019-10-14 12:00:59.422  INFO 35260 --- [http-nio-8080-exec-1] o.s.web.servlet.DispatcherServlet        : Completed initialization in 7 ms
2019-10-14 12:02:50.255  INFO 35260 --- [Thread-13] o.s.s.c.ThreadPoolTaskScheduler          : Shutting down ExecutorService 'taskScheduler'
2019-10-14 12:02:50.257  INFO 35260 --- [Thread-13] o.s.s.concurrent.ThreadPoolTaskExecutor  : Shutting down ExecutorService 'applicationTaskExecutor'
2019-10-14 12:02:50.259  INFO 35260 --- [Thread-13] com.zaxxer.hikari.HikariDataSource       : HikariPool-1 - Shutdown initiated...
2019-10-14 12:02:50.265  INFO 35260 --- [Thread-13] com.zaxxer.hikari.HikariDataSource       : HikariPool-1 - Shutdown completed.
2019-10-14 12:02:57.389  INFO 35312 --- [restartedMain] c.pigman.community.CommunityApplication  : Starting CommunityApplication on pigman2deMBP.lan with PID 35312 (/Users/pigman2/Desktop/pigman_community2/pigman_community-770567858ac9f9b9cb370ade9ebb3b819d3088f6/target/classes started by pigman2 in /Users/pigman2/Desktop/pigman_community2/pigman_community-770567858ac9f9b9cb370ade9ebb3b819d3088f6)
2019-10-14 12:02:57.392  INFO 35312 --- [restartedMain] c.pigman.community.CommunityApplication  : No active profile set, falling back to default profiles: default
2019-10-14 12:02:57.437  INFO 35312 --- [restartedMain] .e.DevToolsPropertyDefaultsPostProcessor : Devtools property defaults active! Set 'spring.devtools.add-properties' to 'false' to disable
2019-10-14 12:02:57.438  INFO 35312 --- [restartedMain] .e.DevToolsPropertyDefaultsPostProcessor : For additional web related logging consider setting the 'logging.level.web' property to 'DEBUG'
2019-10-14 12:02:59.031  INFO 35312 --- [restartedMain] o.s.b.w.embedded.tomcat.TomcatWebServer  : Tomcat initialized with port(s): 8080 (http)
2019-10-14 12:02:59.062  INFO 35312 --- [restartedMain] o.apache.catalina.core.StandardService   : Starting service [Tomcat]
2019-10-14 12:02:59.063  INFO 35312 --- [restartedMain] org.apache.catalina.core.StandardEngine  : Starting Servlet engine: [Apache Tomcat/9.0.21]
2019-10-14 12:02:59.122  INFO 35312 --- [restartedMain] o.a.c.c.C.[Tomcat].[localhost].[/]       : Initializing Spring embedded WebApplicationContext
2019-10-14 12:02:59.123  INFO 35312 --- [restartedMain] o.s.web.context.ContextLoader            : Root WebApplicationContext: initialization completed in 1685 ms
2019-10-14 12:02:59.673  INFO 35312 --- [restartedMain] o.s.s.concurrent.ThreadPoolTaskExecutor  : Initializing ExecutorService 'applicationTaskExecutor'
2019-10-14 12:02:59.774  INFO 35312 --- [restartedMain] o.s.b.a.w.s.WelcomePageHandlerMapping    : Adding welcome page template: index
2019-10-14 12:02:59.845  INFO 35312 --- [restartedMain] o.s.s.c.ThreadPoolTaskScheduler          : Initializing ExecutorService 'taskScheduler'
2019-10-14 12:02:59.901  INFO 35312 --- [restartedMain] o.s.b.d.a.OptionalLiveReloadServer       : LiveReload server is running on port 35729
2019-10-14 12:02:59.924  INFO 35312 --- [scheduling-1] c.pigman.community.Schedule.HotTagTasks  : HotTagTasks startMon Oct 14 12:02:59 CST 2019 
2019-10-14 12:02:59.947  INFO 35312 --- [scheduling-1] com.zaxxer.hikari.HikariDataSource       : HikariPool-1 - Starting...
2019-10-14 12:02:59.959  INFO 35312 --- [restartedMain] o.s.b.w.embedded.tomcat.TomcatWebServer  : Tomcat started on port(s): 8080 (http) with context path ''
2019-10-14 12:02:59.962  INFO 35312 --- [restartedMain] c.pigman.community.CommunityApplication  : Started CommunityApplication in 2.867 seconds (JVM running for 3.503)
2019-10-14 12:03:00.044  INFO 35312 --- [scheduling-1] com.zaxxer.hikari.HikariDataSource       : HikariPool-1 - Start completed.
2019-10-14 12:03:00.069  INFO 35312 --- [scheduling-1] c.pigman.community.Schedule.HotTagTasks  : list question id is 45
2019-10-14 12:03:00.071  INFO 35312 --- [scheduling-1] c.pigman.community.Schedule.HotTagTasks  : list question id is 46
2019-10-14 12:03:00.071  INFO 35312 --- [scheduling-1] c.pigman.community.Schedule.HotTagTasks  : list question id is 47
2019-10-14 12:03:00.071  INFO 35312 --- [scheduling-1] c.pigman.community.Schedule.HotTagTasks  : list question id is 49
2019-10-14 12:03:00.071  INFO 35312 --- [scheduling-1] c.pigman.community.Schedule.HotTagTasks  : list question id is 50
2019-10-14 12:03:00.074  INFO 35312 --- [scheduling-1] c.pigman.community.Schedule.HotTagTasks  : list question id is 51
2019-10-14 12:03:00.074  INFO 35312 --- [scheduling-1] c.pigman.community.Schedule.HotTagTasks  : list question id is 52
2019-10-14 12:03:00.074  INFO 35312 --- [scheduling-1] c.pigman.community.Schedule.HotTagTasks  : list question id is 53
2019-10-14 12:03:00.074  INFO 35312 --- [scheduling-1] c.pigman.community.Schedule.HotTagTasks  : list question id is 54
2019-10-14 12:03:00.074  INFO 35312 --- [scheduling-1] c.pigman.community.Schedule.HotTagTasks  : list question id is 55
2019-10-14 12:03:00.077  INFO 35312 --- [scheduling-1] c.pigman.community.Schedule.HotTagTasks  : list question id is 56
2019-10-14 12:03:00.077  INFO 35312 --- [scheduling-1] c.pigman.community.Schedule.HotTagTasks  : list question id is 57
2019-10-14 12:03:00.077  INFO 35312 --- [scheduling-1] c.pigman.community.Schedule.HotTagTasks  : list question id is 58
2019-10-14 12:03:00.077  INFO 35312 --- [scheduling-1] c.pigman.community.Schedule.HotTagTasks  : list question id is 59
2019-10-14 12:03:00.077  INFO 35312 --- [scheduling-1] c.pigman.community.Schedule.HotTagTasks  : list question id is 60
2019-10-14 12:03:00.081  INFO 35312 --- [scheduling-1] c.pigman.community.Schedule.HotTagTasks  : list question id is 61
2019-10-14 12:03:00.081  INFO 35312 --- [scheduling-1] c.pigman.community.Schedule.HotTagTasks  : list question id is 62
2019-10-14 12:03:00.081  INFO 35312 --- [scheduling-1] c.pigman.community.Schedule.HotTagTasks  : list question id is 63
2019-10-14 12:03:00.081  INFO 35312 --- [scheduling-1] c.pigman.community.Schedule.HotTagTasks  : list question id is 64
2019-10-14 12:03:00.082  INFO 35312 --- [scheduling-1] c.pigman.community.Schedule.HotTagTasks  : list question id is 65
2019-10-14 12:03:00.084  INFO 35312 --- [scheduling-1] c.pigman.community.Schedule.HotTagTasks  : list question id is 66
2019-10-14 12:03:00.084  INFO 35312 --- [scheduling-1] c.pigman.community.Schedule.HotTagTasks  : list question id is 67
2019-10-14 12:03:00.084  INFO 35312 --- [scheduling-1] c.pigman.community.Schedule.HotTagTasks  : list question id is 69
2019-10-14 12:03:00.084  INFO 35312 --- [scheduling-1] c.pigman.community.Schedule.HotTagTasks  : list question id is 71
2019-10-14 12:03:00.084  INFO 35312 --- [scheduling-1] c.pigman.community.Schedule.HotTagTasks  : list question id is 72
2019-10-14 12:03:00.086  INFO 35312 --- [scheduling-1] c.pigman.community.Schedule.HotTagTasks  : list question id is 73
2019-10-14 12:03:00.087  INFO 35312 --- [scheduling-1] c.pigman.community.Schedule.HotTagTasks  : list question id is 74
2019-10-14 12:03:00.087  INFO 35312 --- [scheduling-1] c.pigman.community.Schedule.HotTagTasks  : list question id is 75
2019-10-14 12:03:00.087  INFO 35312 --- [scheduling-1] c.pigman.community.Schedule.HotTagTasks  : list question id is 76
2019-10-14 12:03:00.087  INFO 35312 --- [scheduling-1] c.pigman.community.Schedule.HotTagTasks  : list question id is 77
2019-10-14 12:03:00.090  INFO 35312 --- [scheduling-1] c.pigman.community.Schedule.HotTagTasks  : list question id is 78
2019-10-14 12:03:00.090  INFO 35312 --- [scheduling-1] c.pigman.community.Schedule.HotTagTasks  : list question id is 79
2019-10-14 12:03:00.090  INFO 35312 --- [scheduling-1] c.pigman.community.Schedule.HotTagTasks  : list question id is 80
2019-10-14 12:03:00.090  INFO 35312 --- [scheduling-1] c.pigman.community.Schedule.HotTagTasks  : list question id is 81
2019-10-14 12:03:00.090  INFO 35312 --- [scheduling-1] c.pigman.community.Schedule.HotTagTasks  : list question id is 82
2019-10-14 12:03:00.092  INFO 35312 --- [scheduling-1] c.pigman.community.Schedule.HotTagTasks  : list question id is 83
2019-10-14 12:03:00.092  INFO 35312 --- [scheduling-1] c.pigman.community.Schedule.HotTagTasks  : list question id is 84
2019-10-14 12:03:00.092  INFO 35312 --- [scheduling-1] c.pigman.community.Schedule.HotTagTasks  : list question id is 85
2019-10-14 12:03:00.092  INFO 35312 --- [scheduling-1] c.pigman.community.Schedule.HotTagTasks  : list question id is 86
2019-10-14 12:03:00.092  INFO 35312 --- [scheduling-1] c.pigman.community.Schedule.HotTagTasks  : list question id is 87
2019-10-14 12:03:00.095  INFO 35312 --- [scheduling-1] c.pigman.community.Schedule.HotTagTasks  : list question id is 88
2019-10-14 12:03:00.095  INFO 35312 --- [scheduling-1] c.pigman.community.Schedule.HotTagTasks  : list question id is 89
2019-10-14 12:03:00.096  INFO 35312 --- [scheduling-1] c.pigman.community.Schedule.HotTagTasks  : list question id is 90
2019-10-14 12:03:00.096  INFO 35312 --- [scheduling-1] c.pigman.community.Schedule.HotTagTasks  : list question id is 91
2019-10-14 12:03:00.096  INFO 35312 --- [scheduling-1] c.pigman.community.Schedule.HotTagTasks  : list question id is 92
2019-10-14 12:03:00.098  INFO 35312 --- [scheduling-1] c.pigman.community.Schedule.HotTagTasks  : HotTagTask stop Mon Oct 14 12:03:00 CST 2019
2019-10-14 12:03:01.982  INFO 35312 --- [http-nio-8080-exec-1] o.a.c.c.C.[Tomcat].[localhost].[/]       : Initializing Spring DispatcherServlet 'dispatcherServlet'
2019-10-14 12:03:01.982  INFO 35312 --- [http-nio-8080-exec-1] o.s.web.servlet.DispatcherServlet        : Initializing Servlet 'dispatcherServlet'
2019-10-14 12:03:01.990  INFO 35312 --- [http-nio-8080-exec-1] o.s.web.servlet.DispatcherServlet        : Completed initialization in 8 ms
